Compiling the CXX compiler identification source file "CMakeCXXCompilerId.cpp" failed.
Compiler: C:/WinBin64/bin/g++.exe 
Build flags: 
Id flags: 

The output was:
1
c:/winbin64/bin/../lib64/gcc/x86_64-w64-mingw32/4.8.3/../../../../x86_64-w64-mingw32/bin/ld.exe: cannot find -lstdc++
c:/winbin64/bin/../lib64/gcc/x86_64-w64-mingw32/4.8.3/../../../../x86_64-w64-mingw32/bin/ld.exe: cannot find -lgcc_s
c:/winbin64/bin/../lib64/gcc/x86_64-w64-mingw32/4.8.3/../../../../x86_64-w64-mingw32/bin/ld.exe: cannot find -lgcc_s
collect2.exe: error: ld returned 1 exit status


Determining if the CXX compiler works failed with the following output:
Change Dir: E:/ModelChannel/CMakeFiles/CMakeTmp

Run Build Command:"C:/MinGW/msys/1.0/bin/make.exe" "cmTryCompileExec776040644/fast"
/usr/bin/make -f CMakeFiles/cmTryCompileExec776040644.dir/build.make CMakeFiles/cmTryCompileExec776040644.dir/build
make[1]: Entering directory `/drive/e/ModelChannel/CMakeFiles/CMakeTmp'
"/C/Program Files (x86)/JetBrains/CLion 1.0.3/bin/cmake/bin/cmake.exe" -E cmake_progress_report /E/ModelChannel/CMakeFiles/CMakeTmp/CMakeFiles 1
Building CXX object CMakeFiles/cmTryCompileExec776040644.dir/testCXXCompiler.cxx.obj
/C/WinBin64/bin/g++.exe     -o CMakeFiles/cmTryCompileExec776040644.dir/testCXXCompiler.cxx.obj -c /E/ModelChannel/CMakeFiles/CMakeTmp/testCXXCompiler.cxx
Linking CXX executable cmTryCompileExec776040644.exe
"/C/Program Files (x86)/JetBrains/CLion 1.0.3/bin/cmake/bin/cmake.exe" -E remove -f CMakeFiles/cmTryCompileExec776040644.dir/objects.a
/C/WinBin64/bin/ar.exe cr CMakeFiles/cmTryCompileExec776040644.dir/objects.a @CMakeFiles/cmTryCompileExec776040644.dir/objects1.rsp
/C/WinBin64/bin/g++.exe       -Wl,--whole-archive CMakeFiles/cmTryCompileExec776040644.dir/objects.a -Wl,--no-whole-archive  -o cmTryCompileExec776040644.exe -Wl,--out-implib,libcmTryCompileExec776040644.dll.a -Wl,--major-image-version,0,--minor-image-version,0 @CMakeFiles/cmTryCompileExec776040644.dir/linklibs.rsp
c:/winbin64/bin/../lib64/gcc/x86_64-w64-mingw32/4.8.3/../../../../x86_64-w64-mingw32/bin/ld.exe: cannot find -lstdc++
c:/winbin64/bin/../lib64/gcc/x86_64-w64-mingw32/4.8.3/../../../../x86_64-w64-mingw32/bin/ld.exe: cannot find -lgcc_s
c:/winbin64/bin/../lib64/gcc/x86_64-w64-mingw32/4.8.3/../../../../x86_64-w64-mingw32/bin/ld.exe: cannot find -lgcc_s
collect2.exe: error: ld returned 1 exit status
make[1]: *** [cmTryCompileExec776040644.exe] Error 1
make[1]: Leaving directory `/drive/e/ModelChannel/CMakeFiles/CMakeTmp'
make: *** [cmTryCompileExec776040644/fast] Error 2


Compiling the CXX compiler identification source file "CMakeCXXCompilerId.cpp" failed.
Compiler: C:/WinBin64/bin/g++.exe 
Build flags: 
Id flags: 

The output was:
1
c:/winbin64/bin/../lib64/gcc/x86_64-w64-mingw32/4.8.3/../../../../x86_64-w64-mingw32/bin/ld.exe: cannot find -lstdc++
c:/winbin64/bin/../lib64/gcc/x86_64-w64-mingw32/4.8.3/../../../../x86_64-w64-mingw32/bin/ld.exe: cannot find -lgcc_s
c:/winbin64/bin/../lib64/gcc/x86_64-w64-mingw32/4.8.3/../../../../x86_64-w64-mingw32/bin/ld.exe: cannot find -lgcc_s
collect2.exe: error: ld returned 1 exit status


Determining if the CXX compiler works failed with the following output:
Change Dir: E:/ModelChannel/CMakeFiles/CMakeTmp

Run Build Command:"C:/MinGW/msys/1.0/bin/make.exe" "cmTryCompileExec1957259145/fast"
/usr/bin/make -f CMakeFiles/cmTryCompileExec1957259145.dir/build.make CMakeFiles/cmTryCompileExec1957259145.dir/build
make[1]: Entering directory `/drive/e/ModelChannel/CMakeFiles/CMakeTmp'
"/C/Program Files (x86)/JetBrains/CLion 1.0.3/bin/cmake/bin/cmake.exe" -E cmake_progress_report /E/ModelChannel/CMakeFiles/CMakeTmp/CMakeFiles 1
Building CXX object CMakeFiles/cmTryCompileExec1957259145.dir/testCXXCompiler.cxx.obj
/C/WinBin64/bin/g++.exe     -o CMakeFiles/cmTryCompileExec1957259145.dir/testCXXCompiler.cxx.obj -c /E/ModelChannel/CMakeFiles/CMakeTmp/testCXXCompiler.cxx
Linking CXX executable cmTryCompileExec1957259145.exe
"/C/Program Files (x86)/JetBrains/CLion 1.0.3/bin/cmake/bin/cmake.exe" -E remove -f CMakeFiles/cmTryCompileExec1957259145.dir/objects.a
/C/WinBin64/bin/ar.exe cr CMakeFiles/cmTryCompileExec1957259145.dir/objects.a @CMakeFiles/cmTryCompileExec1957259145.dir/objects1.rsp
/C/WinBin64/bin/g++.exe       -Wl,--whole-archive CMakeFiles/cmTryCompileExec1957259145.dir/objects.a -Wl,--no-whole-archive  -o cmTryCompileExec1957259145.exe -Wl,--out-implib,libcmTryCompileExec1957259145.dll.a -Wl,--major-image-version,0,--minor-image-version,0 @CMakeFiles/cmTryCompileExec1957259145.dir/linklibs.rsp
c:/winbin64/bin/../lib64/gcc/x86_64-w64-mingw32/4.8.3/../../../../x86_64-w64-mingw32/bin/ld.exe: cannot find -lstdc++
c:/winbin64/bin/../lib64/gcc/x86_64-w64-mingw32/4.8.3/../../../../x86_64-w64-mingw32/bin/ld.exe: cannot find -lgcc_s
c:/winbin64/bin/../lib64/gcc/x86_64-w64-mingw32/4.8.3/../../../../x86_64-w64-mingw32/bin/ld.exe: cannot find -lgcc_s
collect2.exe: error: ld returned 1 exit status
make[1]: *** [cmTryCompileExec1957259145.exe] Error 1
make[1]: Leaving directory `/drive/e/ModelChannel/CMakeFiles/CMakeTmp'
make: *** [cmTryCompileExec1957259145/fast] Error 2


